0 verbose cli C:\Program Files\nodejs\node.exe C:\Users\CoultonFraser\AppData\Roaming\npm\node_modules\npm\bin\npm-cli.js
1 info using npm@9.6.0
2 info using node@v18.12.1
3 timing npm:load:whichnode Completed in 1ms
4 timing config:load:defaults Completed in 1ms
5 timing config:load:file:C:\Users\CoultonFraser\AppData\Roaming\npm\node_modules\npm\npmrc Completed in 1ms
6 timing config:load:builtin Completed in 1ms
7 timing config:load:cli Completed in 1ms
8 timing config:load:env Completed in 0ms
9 timing config:load:file:C:\Users\CoultonFraser\coultonf\.npmrc Completed in 0ms
10 timing config:load:project Completed in 2ms
11 timing config:load:file:C:\Users\CoultonFraser\.npmrc Completed in 0ms
12 timing config:load:user Completed in 1ms
13 timing config:load:file:C:\Users\CoultonFraser\AppData\Roaming\npm\etc\npmrc Completed in 0ms
14 timing config:load:global Completed in 0ms
15 timing config:load:setEnvs Completed in 1ms
16 timing config:load Completed in 8ms
17 timing npm:load:configload Completed in 8ms
18 timing npm:load:mkdirpcache Completed in 0ms
19 timing npm:load:mkdirplogs Completed in 0ms
20 verbose title npm install @heroicons/react
21 verbose argv "install" "@heroicons/react"
22 timing npm:load:setTitle Completed in 1ms
23 timing config:load:flatten Completed in 2ms
24 timing npm:load:display Completed in 3ms
25 verbose logfile logs-max:10 dir:C:\Users\CoultonFraser\coultonf\_logs\2023-03-03T08_15_39_386Z-
26 verbose logfile C:\Users\CoultonFraser\coultonf\_logs\2023-03-03T08_15_39_386Z-debug-0.log
27 timing npm:load:logFile Completed in 6ms
28 timing npm:load:timers Completed in 0ms
29 timing npm:load:configScope Completed in 0ms
30 timing npm:load Completed in 19ms
31 timing arborist:ctor Completed in 1ms
32 silly logfile start cleaning logs, removing 2 files
33 silly logfile done cleaning log files
34 timing idealTree:init Completed in 221ms
35 timing idealTree:userRequests Completed in 1ms
36 silly idealTree buildDeps
37 silly fetch manifest @heroicons/react@*
38 verbose shrinkwrap failed to load node_modules/.package-lock.json out of date, updated: node_modules
39 http fetch GET 200 https://registry.npmjs.org/@heroicons%2freact 476ms (cache miss)
40 silly fetch manifest react@^18.2.0
41 http fetch GET 200 https://registry.npmjs.org/react 53ms (cache revalidated)
42 silly placeDep ROOT @heroicons/react@2.0.16 OK for: coultonf@0.0.1 want: *
43 timing idealTree:#root Completed in 545ms
44 timing idealTree:node_modules/@heroicons/react Completed in 0ms
45 timing idealTree:buildDeps Completed in 547ms
46 timing idealTree:fixDepFlags Completed in 4ms
47 timing idealTree Completed in 781ms
48 timing reify:loadTrees Completed in 783ms
49 timing reify:diffTrees Completed in 15ms
50 silly reify moves {}
51 timing reify:retireShallow Completed in 2ms
52 timing reify:createSparse Completed in 5ms
53 timing reify:loadBundles Completed in 0ms
54 silly audit bulk request {
54 silly audit   '@ampproject/remapping': [ '2.2.0' ],
54 silly audit   '@astrojs/compiler': [ '1.2.0', '0.31.4' ],
54 silly audit   '@astrojs/language-server': [ '0.28.3' ],
54 silly audit   'prettier-plugin-astro': [ '0.7.2', '0.8.0' ],
54 silly audit   '@astrojs/markdown-remark': [ '2.0.1' ],
54 silly audit   'github-slugger': [ '1.5.0', '2.0.0' ],
54 silly audit   '@astrojs/prism': [ '2.0.0' ],
54 silly audit   '@astrojs/react': [ '2.0.2' ],
54 silly audit   '@astrojs/tailwind': [ '3.0.1' ],
54 silly audit   '@astrojs/telemetry': [ '2.0.1' ],
54 silly audit   '@astrojs/webapi': [ '2.0.2' ],
54 silly audit   '@babel/code-frame': [ '7.18.6' ],
54 silly audit   '@babel/compat-data': [ '7.21.0' ],
54 silly audit   '@babel/core': [ '7.21.0' ],
54 silly audit   semver: [ '6.3.0', '7.3.8' ],
54 silly audit   '@babel/generator': [ '7.21.1' ],
54 silly audit   '@jridgewell/gen-mapping': [ '0.3.2', '0.1.1' ],
54 silly audit   '@babel/helper-annotate-as-pure': [ '7.18.6' ],
54 silly audit   '@babel/helper-compilation-targets': [ '7.20.7' ],
54 silly audit   '@babel/helper-environment-visitor': [ '7.18.9' ],
54 silly audit   '@babel/helper-function-name': [ '7.21.0' ],
54 silly audit   '@babel/helper-hoist-variables': [ '7.18.6' ],
54 silly audit   '@babel/helper-module-imports': [ '7.18.6' ],
54 silly audit   '@babel/helper-module-transforms': [ '7.21.2' ],
54 silly audit   '@babel/helper-plugin-utils': [ '7.20.2' ],
54 silly audit   '@babel/helper-simple-access': [ '7.20.2' ],
54 silly audit   '@babel/helper-split-export-declaration': [ '7.18.6' ],
54 silly audit   '@babel/helper-string-parser': [ '7.19.4' ],
54 silly audit   '@babel/helper-validator-identifier': [ '7.19.1' ],
54 silly audit   '@babel/helper-validator-option': [ '7.21.0' ],
54 silly audit   '@babel/helpers': [ '7.21.0' ],
54 silly audit   '@babel/highlight': [ '7.18.6' ],
54 silly audit   '@babel/parser': [ '7.21.2' ],
54 silly audit   '@babel/plugin-syntax-jsx': [ '7.18.6' ],
54 silly audit   '@babel/plugin-transform-react-jsx': [ '7.21.0' ],
54 silly audit   '@babel/template': [ '7.20.7' ],
54 silly audit   '@babel/traverse': [ '7.21.2' ],
54 silly audit   '@babel/types': [ '7.21.2' ],
54 silly audit   '@emmetio/abbreviation': [ '2.2.3' ],
54 silly audit   '@emmetio/css-abbreviation': [ '2.1.4' ],
54 silly audit   '@emmetio/scanner': [ '1.0.0' ],
54 silly audit   '@esbuild/android-arm': [ '0.16.17' ],
54 silly audit   '@esbuild/android-arm64': [ '0.16.17' ],
54 silly audit   '@esbuild/android-x64': [ '0.16.17' ],
54 silly audit   '@esbuild/darwin-arm64': [ '0.16.17' ],
54 silly audit   '@esbuild/darwin-x64': [ '0.16.17' ],
54 silly audit   '@esbuild/freebsd-arm64': [ '0.16.17' ],
54 silly audit   '@esbuild/freebsd-x64': [ '0.16.17' ],
54 silly audit   '@esbuild/linux-arm': [ '0.16.17' ],
54 silly audit   '@esbuild/linux-arm64': [ '0.16.17' ],
54 silly audit   '@esbuild/linux-ia32': [ '0.16.17' ],
54 silly audit   '@esbuild/linux-loong64': [ '0.16.17' ],
54 silly audit   '@esbuild/linux-mips64el': [ '0.16.17' ],
54 silly audit   '@esbuild/linux-ppc64': [ '0.16.17' ],
54 silly audit   '@esbuild/linux-riscv64': [ '0.16.17' ],
54 silly audit   '@esbuild/linux-s390x': [ '0.16.17' ],
54 silly audit   '@esbuild/linux-x64': [ '0.16.17' ],
54 silly audit   '@esbuild/netbsd-x64': [ '0.16.17' ],
54 silly audit   '@esbuild/openbsd-x64': [ '0.16.17' ],
54 silly audit   '@esbuild/sunos-x64': [ '0.16.17' ],
54 silly audit   '@esbuild/win32-arm64': [ '0.16.17' ],
54 silly audit   '@esbuild/win32-ia32': [ '0.16.17' ],
54 silly audit   '@esbuild/win32-x64': [ '0.16.17' ],
54 silly audit   '@headlessui/react': [ '1.7.12' ],
54 silly audit   '@jridgewell/resolve-uri': [ '3.1.0' ],
54 silly audit   '@jridgewell/set-array': [ '1.1.2' ],
54 silly audit   '@jridgewell/sourcemap-codec': [ '1.4.14' ],
54 silly audit   '@jridgewell/trace-mapping': [ '0.3.17' ],
54 silly audit   '@ljharb/has-package-exports-patterns': [ '0.0.2' ],
54 silly audit   '@nodelib/fs.scandir': [ '2.1.5' ],
54 silly audit   '@nodelib/fs.stat': [ '2.0.5' ],
54 silly audit   '@nodelib/fs.walk': [ '1.2.8' ],
54 silly audit   '@pkgr/utils': [ '2.3.1' ],
54 silly audit   '@proload/core': [ '0.3.3' ],
54 silly audit   '@tailwindcss/typography': [ '0.5.9' ],
54 silly audit   'postcss-selector-parser': [ '6.0.10', '6.0.11' ],
54 silly audit   '@types/babel__core': [ '7.20.0' ],
54 silly audit   '@types/babel__generator': [ '7.6.4' ],
54 silly audit   '@types/babel__template': [ '7.4.1' ],
54 silly audit   '@types/babel__traverse': [ '7.18.3' ],
54 silly audit   '@types/debug': [ '4.1.7' ],
54 silly audit   '@types/estree': [ '1.0.0' ],
54 silly audit   '@types/hast': [ '2.3.4' ],
54 silly audit   '@types/json5': [ '0.0.30' ],
54 silly audit   '@types/mdast': [ '3.0.10' ],
54 silly audit   '@types/ms': [ '0.7.31' ],
54 silly audit   '@types/nlcst': [ '1.0.0' ],
54 silly audit   '@types/parse5': [ '6.0.3' ],
54 silly audit   '@types/prop-types': [ '15.7.5' ],
54 silly audit   '@types/react': [ '18.0.28' ],
54 silly audit   '@types/react-dom': [ '18.0.11' ],
54 silly audit   '@types/resolve': [ '1.20.2' ],
54 silly audit   '@types/scheduler': [ '0.16.2' ],
54 silly audit   '@types/unist': [ '2.0.6' ],
54 silly audit   '@types/yargs-parser': [ '21.0.0' ],
54 silly audit   '@vscode/emmet-helper': [ '2.8.6' ],
54 silly audit   'vscode-uri': [ '2.1.2', '3.0.7' ],
54 silly audit   '@vscode/l10n': [ '0.0.11' ],
54 silly audit   acorn: [ '8.8.2', '7.4.1' ],
54 silly audit   'acorn-node': [ '1.8.2' ],
54 silly audit   'acorn-walk': [ '7.2.0' ],
54 silly audit   'ansi-align': [ '3.0.1' ],
54 silly audit   'ansi-regex': [ '5.0.1', '6.0.1' ],
54 silly audit   'emoji-regex': [ '8.0.0', '9.2.2' ],
54 silly audit   'string-width': [ '4.2.3', '5.1.2' ],
54 silly audit   'strip-ansi': [ '6.0.1', '7.0.1' ],
54 silly audit   'ansi-styles': [ '3.2.1', '4.3.0', '6.2.1' ],
54 silly audit   anymatch: [ '3.1.3' ],
54 silly audit   arg: [ '5.0.2' ],
54 silly audit   argparse: [ '1.0.10' ],
54 silly audit   'array-iterate': [ '2.0.1' ],
54 silly audit   astro: [ '2.0.17' ],
54 silly audit   autoprefixer: [ '10.4.13' ],
54 silly audit   bail: [ '2.0.2' ],
54 silly audit   'base64-js': [ '1.5.1' ],
54 silly audit   'binary-extensions': [ '2.2.0' ],
54 silly audit   bl: [ '5.1.0' ],
54 silly audit   boxen: [ '6.2.1' ],
54 silly audit   chalk: [ '4.1.2', '2.4.2', '5.2.0' ],
54 silly audit   'color-convert': [ '2.0.1', '1.9.3' ],
54 silly audit   'color-name': [ '1.1.4', '1.1.3' ],
54 silly audit   'has-flag': [ '4.0.0', '3.0.0' ],
54 silly audit   'supports-color': [ '7.2.0', '5.5.0' ],
54 silly audit   braces: [ '3.0.2' ],
54 silly audit   browserslist: [ '4.21.5' ],
54 silly audit   buffer: [ '6.0.3' ],
54 silly audit   busboy: [ '1.6.0' ],
54 silly audit   camelcase: [ '6.3.0' ],
54 silly audit   'camelcase-css': [ '2.0.1' ],
54 silly audit   'caniuse-lite': [ '1.0.30001458' ],
54 silly audit   ccount: [ '2.0.1' ],
54 silly audit   'character-entities': [ '2.0.2' ],
54 silly audit   'character-entities-html4': [ '2.1.0' ],
54 silly audit   'character-entities-legacy': [ '3.0.0' ],
54 silly audit   chokidar: [ '3.5.3' ],
54 silly audit   'ci-info': [ '3.8.0' ],
54 silly audit   'cli-boxes': [ '3.0.0' ],
54 silly audit   'cli-cursor': [ '4.0.0' ],
54 silly audit   'cli-spinners': [ '2.7.0' ],
54 silly audit   'client-only': [ '0.0.1' ],
54 silly audit   clone: [ '1.0.4' ],
54 silly audit   clsx: [ '1.2.1' ],
54 silly audit   'comma-separated-tokens': [ '2.0.3' ],
54 silly audit   'common-ancestor-path': [ '1.0.1' ],
54 silly audit   'convert-source-map': [ '1.9.0' ],
54 silly audit   cookie: [ '0.5.0' ],
54 silly audit   'cross-spawn': [ '7.0.3' ],
54 silly audit   cssesc: [ '3.0.0' ],
54 silly audit   csstype: [ '3.1.1' ],
54 silly audit   debug: [ '4.3.4' ],
54 silly audit   'decode-named-character-reference': [ '1.0.2' ],
54 silly audit   deepmerge: [ '4.3.0' ],
54 silly audit   'deepmerge-ts': [ '4.3.0' ],
54 silly audit   defaults: [ '1.0.4' ],
54 silly audit   'define-lazy-prop': [ '2.0.0' ],
54 silly audit   defined: [ '1.0.1' ],
54 silly audit   dequal: [ '2.0.3' ],
54 silly audit   detective: [ '5.2.1' ],
54 silly audit   devalue: [ '4.3.0' ],
54 silly audit   didyoumean: [ '1.2.2' ],
54 silly audit   diff: [ '5.1.0' ],
54 silly audit   dlv: [ '1.1.3' ],
54 silly audit   dset: [ '3.1.2' ],
54 silly audit   eastasianwidth: [ '0.2.0' ],
54 silly audit   'electron-to-chromium': [ '1.4.317' ],
54 silly audit   emmet: [ '2.3.6' ],
54 silly audit   'es-module-lexer': [ '1.2.0' ],
54 silly audit   esbuild: [ '0.16.17' ],
54 silly audit   escalade: [ '3.1.1' ],
54 silly audit   'escape-string-regexp': [ '1.0.5', '5.0.0' ],
54 silly audit   esprima: [ '4.0.1' ],
54 silly audit   'estree-walker': [ '3.0.3' ],
54 silly audit   events: [ '3.3.0' ],
54 silly audit   execa: [ '6.1.0' ],
54 silly audit   extend: [ '3.0.2' ],
54 silly audit   'extend-shallow': [ '2.0.1' ],
54 silly audit   'fast-glob': [ '3.2.12' ],
54 silly audit   fastq: [ '1.15.0' ],
54 silly audit   'fill-range': [ '7.0.1' ],
54 silly audit   'find-up': [ '5.0.0', '4.1.0' ],
54 silly audit   'find-yarn-workspace-root2': [ '1.2.16' ],
54 silly audit   'fraction.js': [ '4.2.0' ],
54 silly audit   fsevents: [ '2.3.2' ],
54 silly audit   'function-bind': [ '1.1.1' ],
54 silly audit   gensync: [ '1.0.0-beta.2' ],
54 silly audit   'get-stream': [ '6.0.1' ],
54 silly audit   'glob-parent': [ '5.1.2', '6.0.2' ],
54 silly audit   globals: [ '11.12.0' ],
54 silly audit   globalyzer: [ '0.1.0' ],
54 silly audit   globrex: [ '0.1.2' ],
54 silly audit   'graceful-fs': [ '4.2.10' ],
54 silly audit   'gray-matter': [ '4.0.3' ],
54 silly audit   has: [ '1.0.3' ],
54 silly audit   'has-package-exports': [ '1.3.0' ],
54 silly audit   'hast-util-from-parse5': [ '7.1.2' ],
54 silly audit   'hast-util-parse-selector': [ '3.1.1' ],
54 silly audit   'hast-util-raw': [ '7.2.3' ],
54 silly audit   'hast-util-to-html': [ '8.0.4' ],
54 silly audit   'hast-util-to-parse5': [ '7.1.0' ],
54 silly audit   'hast-util-whitespace': [ '2.0.1' ],
54 silly audit   hastscript: [ '7.2.0' ],
54 silly audit   'html-escaper': [ '3.0.3' ],
54 silly audit   'html-void-elements': [ '2.0.1' ],
54 silly audit   'human-signals': [ '3.0.1' ],
54 silly audit   ieee754: [ '1.2.1' ],
54 silly audit   'import-meta-resolve': [ '2.2.1' ],
54 silly audit   inherits: [ '2.0.4' ],
54 silly audit   'is-binary-path': [ '2.1.0' ],
54 silly audit   'is-buffer': [ '2.0.5' ],
54 silly audit   'is-core-module': [ '2.11.0' ],
54 silly audit   'is-docker': [ '3.0.0', '2.2.1' ],
54 silly audit   'is-extendable': [ '0.1.1' ],
54 silly audit   'is-extglob': [ '2.1.1' ],
54 silly audit   'is-fullwidth-code-point': [ '3.0.0' ],
54 silly audit   'is-glob': [ '4.0.3' ],
54 silly audit   'is-interactive': [ '2.0.0' ],
54 silly audit   'is-number': [ '7.0.0' ],
54 silly audit   'is-plain-obj': [ '4.1.0' ],
54 silly audit   'is-stream': [ '3.0.0' ],
54 silly audit   'is-unicode-supported': [ '1.3.0' ],
54 silly audit   'is-wsl': [ '2.2.0' ],
54 silly audit   isexe: [ '2.0.0' ],
54 silly audit   'js-tokens': [ '4.0.0' ],
54 silly audit   'js-yaml': [ '3.14.1' ],
54 silly audit   jsesc: [ '2.5.2' ],
54 silly audit   json5: [ '2.2.3' ],
54 silly audit   'jsonc-parser': [ '2.3.1', '3.2.0' ],
54 silly audit   'kind-of': [ '6.0.3' ],
54 silly audit   kleur: [ '4.1.5', '3.0.3' ],
54 silly audit   lilconfig: [ '2.1.0' ],
54 silly audit   'load-yaml-file': [ '0.2.0' ],
54 silly audit   'strip-bom': [ '3.0.0', '4.0.0' ],
54 silly audit   'locate-path': [ '6.0.0', '5.0.0' ],
54 silly audit   'lodash.castarray': [ '4.4.0' ],
54 silly audit   'lodash.isplainobject': [ '4.0.6' ],
54 silly audit   'lodash.merge': [ '4.6.2' ],
54 silly audit   'log-symbols': [ '5.1.0' ],
54 silly audit   'longest-streak': [ '3.1.0' ],
54 silly audit   'loose-envify': [ '1.4.0' ],
54 silly audit   'lru-cache': [ '5.1.1', '6.0.0' ],
54 silly audit   'magic-string': [ '0.27.0' ],
54 silly audit   'markdown-table': [ '3.0.3' ],
54 silly audit   'mdast-util-definitions': [ '5.1.2' ],
54 silly audit   'mdast-util-find-and-replace': [ '2.2.2' ],
54 silly audit   'mdast-util-from-markdown': [ '1.3.0' ],
54 silly audit   'mdast-util-gfm': [ '2.0.2' ],
54 silly audit   'mdast-util-gfm-autolink-literal': [ '1.0.3' ],
54 silly audit   'mdast-util-gfm-footnote': [ '1.0.2' ],
54 silly audit   'mdast-util-gfm-strikethrough': [ '1.0.3' ],
54 silly audit   'mdast-util-gfm-table': [ '1.0.7' ],
54 silly audit   'mdast-util-gfm-task-list-item': [ '1.0.2' ],
54 silly audit   'mdast-util-phrasing': [ '3.0.1' ],
54 silly audit   'mdast-util-to-hast': [ '12.3.0' ],
54 silly audit   'mdast-util-to-markdown': [ '1.5.0' ],
54 silly audit   'mdast-util-to-string': [ '3.1.1' ],
54 silly audit   'merge-stream': [ '2.0.0' ],
54 silly audit   merge2: [ '1.4.1' ],
54 silly audit   micromark: [ '3.1.0' ],
54 silly audit   'micromark-core-commonmark': [ '1.0.6' ],
54 silly audit   'micromark-extension-gfm': [ '2.0.1' ],
54 silly audit   'micromark-extension-gfm-autolink-literal': [ '1.0.3' ],
54 silly audit   'micromark-extension-gfm-footnote': [ '1.0.4' ],
54 silly audit   'micromark-extension-gfm-strikethrough': [ '1.0.4' ],
54 silly audit   'micromark-extension-gfm-table': [ '1.0.5' ],
54 silly audit   'micromark-extension-gfm-tagfilter': [ '1.0.1' ],
54 silly audit   'micromark-extension-gfm-task-list-item': [ '1.0.3' ],
54 silly audit   'micromark-factory-destination': [ '1.0.0' ],
54 silly audit   'micromark-factory-label': [ '1.0.2' ],
54 silly audit   'micromark-factory-space': [ '1.0.0' ],
54 silly audit   'micromark-factory-title': [ '1.0.2' ],
54 silly audit   'micromark-factory-whitespace': [ '1.0.0' ],
54 silly audit   'micromark-util-character': [ '1.1.0' ],
54 silly audit   'micromark-util-chunked': [ '1.0.0' ],
54 silly audit   'micromark-util-classify-character': [ '1.0.0' ],
54 silly audit   'micromark-util-combine-extensions': [ '1.0.0' ],
54 silly audit   'micromark-util-decode-numeric-character-reference': [ '1.0.0' ],
54 silly audit   'micromark-util-decode-string': [ '1.0.2' ],
54 silly audit   'micromark-util-encode': [ '1.0.1' ],
54 silly audit   'micromark-util-html-tag-name': [ '1.1.0' ],
54 silly audit   'micromark-util-normalize-identifier': [ '1.0.0' ],
54 silly audit   'micromark-util-resolve-all': [ '1.0.0' ],
54 silly audit   'micromark-util-sanitize-uri': [ '1.1.0' ],
54 silly audit   'micromark-util-subtokenize': [ '1.0.2' ],
54 silly audit   'micromark-util-symbol': [ '1.0.1' ],
54 silly audit   'micromark-util-types': [ '1.0.2' ],
54 silly audit   micromatch: [ '4.0.5' ],
54 silly audit   mime: [ '3.0.0' ],
54 silly audit   'mimic-fn': [ '4.0.0', '2.1.0' ],
54 silly audit   minimist: [ '1.2.8' ],
54 silly audit   mri: [ '1.2.0' ],
54 silly audit   ms: [ '2.1.2' ],
54 silly audit   nanoid: [ '3.3.4' ],
54 silly audit   'nlcst-to-string': [ '3.1.1' ],
54 silly audit   'node-releases': [ '2.0.10' ],
54 silly audit   'normalize-path': [ '3.0.0' ],
54 silly audit   'normalize-range': [ '0.1.2' ],
54 silly audit   'npm-run-path': [ '5.1.0' ],
54 silly audit   'path-key': [ '4.0.0', '3.1.1' ],
54 silly audit   'object-hash': [ '3.0.0' ],
54 silly audit   onetime: [ '6.0.0', '5.1.2' ],
54 silly audit   open: [ '8.4.2' ],
54 silly audit   ora: [ '6.1.2' ],
54 silly audit   'p-limit': [ '3.1.0', '2.3.0' ],
54 silly audit   'p-locate': [ '5.0.0', '4.1.0' ],
54 silly audit   'p-try': [ '2.2.0' ],
54 silly audit   'parse-latin': [ '5.0.1' ],
54 silly audit   parse5: [ '6.0.1' ],
54 silly audit   'path-exists': [ '4.0.0' ],
54 silly audit   'path-parse': [ '1.0.7' ],
54 silly audit   'path-to-regexp': [ '6.2.1' ],
54 silly audit   picocolors: [ '1.0.0' ],
54 silly audit   picomatch: [ '2.3.1' ],
54 silly audit   pify: [ '4.0.1', '2.3.0' ],
54 silly audit   'pkg-dir': [ '4.2.0' ],
54 silly audit   postcss: [ '8.4.21' ],
54 silly audit   'postcss-import': [ '14.1.0' ],
54 silly audit   'postcss-js': [ '4.0.1' ],
54 silly audit   'postcss-load-config': [ '4.0.1', '3.1.4' ],
54 silly audit   'postcss-nested': [ '6.0.0' ],
54 silly audit   'postcss-value-parser': [ '4.2.0' ],
54 silly audit   'preferred-pm': [ '3.0.3' ],
54 silly audit   prettier: [ '2.8.4' ],
54 silly audit   prismjs: [ '1.29.0' ],
54 silly audit   prompts: [ '2.4.2' ],
54 silly audit   'property-information': [ '6.2.0' ],
54 silly audit   'queue-microtask': [ '1.2.3' ],
54 silly audit   'quick-lru': [ '5.1.1' ],
54 silly audit   react: [ '18.2.0' ],
54 silly audit   'react-dom': [ '18.2.0' ],
54 silly audit   'read-cache': [ '1.0.0' ],
54 silly audit   'readable-stream': [ '3.6.1' ],
54 silly audit   readdirp: [ '3.6.0' ],
54 silly audit   rehype: [ '12.0.1' ],
54 silly audit   'rehype-parse': [ '8.0.4' ],
54 silly audit   'rehype-raw': [ '6.1.1' ],
54 silly audit   'rehype-stringify': [ '9.0.3' ],
54 silly audit   'remark-gfm': [ '3.0.1' ],
54 silly audit   'remark-parse': [ '10.0.1' ],
54 silly audit   'remark-rehype': [ '10.1.0' ],
54 silly audit   'remark-smartypants': [ '2.0.0' ],
54 silly audit   resolve: [ '1.22.1' ],
54 silly audit   'restore-cursor': [ '4.0.0' ],
54 silly audit   retext: [ '8.1.0' ],
54 silly audit   'retext-latin': [ '3.1.0' ],
54 silly audit   'retext-smartypants': [ '5.2.0' ],
54 silly audit   'retext-stringify': [ '3.1.0' ],
54 silly audit   reusify: [ '1.0.4' ],
54 silly audit   rollup: [ '3.18.0' ],
54 silly audit   'run-parallel': [ '1.2.0' ],
54 silly audit   's.color': [ '0.0.15' ],
54 silly audit   sade: [ '1.8.1' ],
54 silly audit   'safe-buffer': [ '5.2.1' ],
54 silly audit   'sass-formatter': [ '0.7.6' ],
54 silly audit   scheduler: [ '0.23.0' ],
54 silly audit   'section-matter': [ '1.0.0' ],
54 silly audit   yallist: [ '4.0.0', '3.1.1' ],
54 silly audit   'server-destroy': [ '1.0.1' ],
54 silly audit   'shebang-command': [ '2.0.0' ],
54 silly audit   'shebang-regex': [ '3.0.0' ],
54 silly audit   shiki: [ '0.11.1' ],
54 silly audit   'signal-exit': [ '3.0.7' ],
54 silly audit   sisteransi: [ '1.0.5' ],
54 silly audit   slash: [ '4.0.0' ],
54 silly audit   'source-map': [ '0.7.4' ],
54 silly audit   'source-map-js': [ '1.0.2' ],
54 silly audit   'space-separated-tokens': [ '2.0.2' ],
54 silly audit   'sprintf-js': [ '1.0.3' ],
54 silly audit   streamsearch: [ '1.1.0' ],
54 silly audit   string_decoder: [ '1.3.0' ],
54 silly audit   'stringify-entities': [ '4.0.3' ],
54 silly audit   'strip-bom-string': [ '1.0.0' ],
54 silly audit   'strip-final-newline': [ '3.0.0' ],
54 silly audit   'suf-log': [ '2.5.3' ],
54 silly audit   'supports-esm': [ '1.0.0' ],
54 silly audit   'supports-preserve-symlinks-flag': [ '1.0.0' ],
54 silly audit   synckit: [ '0.8.5' ],
54 silly audit   tailwindcss: [ '3.2.7' ],
54 silly audit   yaml: [ '1.10.2', '2.2.1' ],
54 silly audit   'tiny-glob': [ '0.2.9' ],
54 silly audit   'to-fast-properties': [ '2.0.0' ],
54 silly audit   'to-regex-range': [ '5.0.1' ],
54 silly audit   'trim-lines': [ '3.0.1' ],
54 silly audit   trough: [ '2.1.0' ],
54 silly audit   'tsconfig-resolver': [ '3.0.1' ],
54 silly audit   'type-fest': [ '0.13.1', '2.19.0' ],
54 silly audit   tslib: [ '2.5.0' ],
54 silly audit   typescript: [ '4.9.5' ],
54 silly audit   undici: [ '5.20.0' ],
54 silly audit   unherit: [ '3.0.1' ],
54 silly audit   unified: [ '10.1.2' ],
54 silly audit   'unist-util-generated': [ '2.0.1' ],
54 silly audit   'unist-util-is': [ '5.2.1' ],
54 silly audit   'unist-util-modify-children': [ '3.1.1' ],
54 silly audit   'unist-util-position': [ '4.0.4' ],
54 silly audit   'unist-util-stringify-position': [ '3.0.3' ],
54 silly audit   'unist-util-visit': [ '4.1.2' ],
54 silly audit   'unist-util-visit-children': [ '2.0.2' ],
54 silly audit   'unist-util-visit-parents': [ '5.1.3' ],
54 silly audit   'update-browserslist-db': [ '1.0.10' ],
54 silly audit   'util-deprecate': [ '1.0.2' ],
54 silly audit   uvu: [ '0.5.6' ],
54 silly audit   vfile: [ '5.3.7' ],
54 silly audit   'vfile-location': [ '4.1.0' ],
54 silly audit   'vfile-message': [ '3.1.4' ],
54 silly audit   vite: [ '4.1.4' ],
54 silly audit   vitefu: [ '0.2.4' ],
54 silly audit   'vscode-css-languageservice': [ '6.2.4' ],
54 silly audit   'vscode-html-languageservice': [ '5.0.4' ],
54 silly audit   'vscode-jsonrpc': [ '8.1.0' ],
54 silly audit   'vscode-languageserver': [ '8.1.0' ],
54 silly audit   'vscode-languageserver-protocol': [ '3.17.3' ],
54 silly audit   'vscode-languageserver-textdocument': [ '1.0.8' ],
54 silly audit   'vscode-languageserver-types': [ '3.17.3' ],
54 silly audit   'vscode-oniguruma': [ '1.7.0' ],
54 silly audit   'vscode-textmate': [ '6.0.0' ],
54 silly audit   wcwidth: [ '1.0.1' ],
54 silly audit   'web-namespaces': [ '2.0.1' ],
54 silly audit   which: [ '2.0.2' ],
54 silly audit   'which-pm': [ '2.0.0' ],
54 silly audit   'which-pm-runs': [ '1.1.0' ],
54 silly audit   'widest-line': [ '4.0.1' ],
54 silly audit   'wrap-ansi': [ '8.1.0' ],
54 silly audit   xtend: [ '4.0.2' ],
54 silly audit   'yargs-parser': [ '21.1.1' ],
54 silly audit   'yocto-queue': [ '0.1.0' ],
54 silly audit   zod: [ '3.20.6' ],
54 silly audit   zwitch: [ '2.0.4' ],
54 silly audit   '@heroicons/react': [ '2.0.16' ]
54 silly audit }
55 verbose reify failed optional dependency C:\Users\CoultonFraser\coultonf\node_modules\fsevents
56 silly reify mark deleted [ 'C:\\Users\\CoultonFraser\\coultonf\\node_modules\\fsevents' ]
57 verbose reify failed optional dependency C:\Users\CoultonFraser\coultonf\node_modules\@esbuild\win32-ia32
58 silly reify mark deleted [
58 silly reify   'C:\\Users\\CoultonFraser\\coultonf\\node_modules\\@esbuild\\win32-ia32'
58 silly reify ]
59 verbose reify failed optional dependency C:\Users\CoultonFraser\coultonf\node_modules\@esbuild\win32-arm64
60 silly reify mark deleted [
60 silly reify   'C:\\Users\\CoultonFraser\\coultonf\\node_modules\\@esbuild\\win32-arm64'
60 silly reify ]
61 verbose reify failed optional dependency C:\Users\CoultonFraser\coultonf\node_modules\@esbuild\sunos-x64
62 silly reify mark deleted [
62 silly reify   'C:\\Users\\CoultonFraser\\coultonf\\node_modules\\@esbuild\\sunos-x64'
62 silly reify ]
63 verbose reify failed optional dependency C:\Users\CoultonFraser\coultonf\node_modules\@esbuild\openbsd-x64
64 silly reify mark deleted [
64 silly reify   'C:\\Users\\CoultonFraser\\coultonf\\node_modules\\@esbuild\\openbsd-x64'
64 silly reify ]
65 verbose reify failed optional dependency C:\Users\CoultonFraser\coultonf\node_modules\@esbuild\netbsd-x64
66 silly reify mark deleted [
66 silly reify   'C:\\Users\\CoultonFraser\\coultonf\\node_modules\\@esbuild\\netbsd-x64'
66 silly reify ]
67 verbose reify failed optional dependency C:\Users\CoultonFraser\coultonf\node_modules\@esbuild\linux-x64
68 silly reify mark deleted [
68 silly reify   'C:\\Users\\CoultonFraser\\coultonf\\node_modules\\@esbuild\\linux-x64'
68 silly reify ]
69 verbose reify failed optional dependency C:\Users\CoultonFraser\coultonf\node_modules\@esbuild\linux-s390x
70 silly reify mark deleted [
70 silly reify   'C:\\Users\\CoultonFraser\\coultonf\\node_modules\\@esbuild\\linux-s390x'
70 silly reify ]
71 verbose reify failed optional dependency C:\Users\CoultonFraser\coultonf\node_modules\@esbuild\linux-riscv64
72 silly reify mark deleted [
72 silly reify   'C:\\Users\\CoultonFraser\\coultonf\\node_modules\\@esbuild\\linux-riscv64'
72 silly reify ]
73 verbose reify failed optional dependency C:\Users\CoultonFraser\coultonf\node_modules\@esbuild\linux-ppc64
74 silly reify mark deleted [
74 silly reify   'C:\\Users\\CoultonFraser\\coultonf\\node_modules\\@esbuild\\linux-ppc64'
74 silly reify ]
75 verbose reify failed optional dependency C:\Users\CoultonFraser\coultonf\node_modules\@esbuild\linux-mips64el
76 silly reify mark deleted [
76 silly reify   'C:\\Users\\CoultonFraser\\coultonf\\node_modules\\@esbuild\\linux-mips64el'
76 silly reify ]
77 verbose reify failed optional dependency C:\Users\CoultonFraser\coultonf\node_modules\@esbuild\linux-loong64
78 silly reify mark deleted [
78 silly reify   'C:\\Users\\CoultonFraser\\coultonf\\node_modules\\@esbuild\\linux-loong64'
78 silly reify ]
79 verbose reify failed optional dependency C:\Users\CoultonFraser\coultonf\node_modules\@esbuild\linux-ia32
80 silly reify mark deleted [
80 silly reify   'C:\\Users\\CoultonFraser\\coultonf\\node_modules\\@esbuild\\linux-ia32'
80 silly reify ]
81 verbose reify failed optional dependency C:\Users\CoultonFraser\coultonf\node_modules\@esbuild\linux-arm64
82 silly reify mark deleted [
82 silly reify   'C:\\Users\\CoultonFraser\\coultonf\\node_modules\\@esbuild\\linux-arm64'
82 silly reify ]
83 verbose reify failed optional dependency C:\Users\CoultonFraser\coultonf\node_modules\@esbuild\linux-arm
84 silly reify mark deleted [
84 silly reify   'C:\\Users\\CoultonFraser\\coultonf\\node_modules\\@esbuild\\linux-arm'
84 silly reify ]
85 verbose reify failed optional dependency C:\Users\CoultonFraser\coultonf\node_modules\@esbuild\freebsd-x64
86 silly reify mark deleted [
86 silly reify   'C:\\Users\\CoultonFraser\\coultonf\\node_modules\\@esbuild\\freebsd-x64'
86 silly reify ]
87 verbose reify failed optional dependency C:\Users\CoultonFraser\coultonf\node_modules\@esbuild\freebsd-arm64
88 silly reify mark deleted [
88 silly reify   'C:\\Users\\CoultonFraser\\coultonf\\node_modules\\@esbuild\\freebsd-arm64'
88 silly reify ]
89 verbose reify failed optional dependency C:\Users\CoultonFraser\coultonf\node_modules\@esbuild\darwin-x64
90 silly reify mark deleted [
90 silly reify   'C:\\Users\\CoultonFraser\\coultonf\\node_modules\\@esbuild\\darwin-x64'
90 silly reify ]
91 verbose reify failed optional dependency C:\Users\CoultonFraser\coultonf\node_modules\@esbuild\darwin-arm64
92 silly reify mark deleted [
92 silly reify   'C:\\Users\\CoultonFraser\\coultonf\\node_modules\\@esbuild\\darwin-arm64'
92 silly reify ]
93 verbose reify failed optional dependency C:\Users\CoultonFraser\coultonf\node_modules\@esbuild\android-x64
94 silly reify mark deleted [
94 silly reify   'C:\\Users\\CoultonFraser\\coultonf\\node_modules\\@esbuild\\android-x64'
94 silly reify ]
95 verbose reify failed optional dependency C:\Users\CoultonFraser\coultonf\node_modules\@esbuild\android-arm64
96 silly reify mark deleted [
96 silly reify   'C:\\Users\\CoultonFraser\\coultonf\\node_modules\\@esbuild\\android-arm64'
96 silly reify ]
97 verbose reify failed optional dependency C:\Users\CoultonFraser\coultonf\node_modules\@esbuild\android-arm
98 silly reify mark deleted [
98 silly reify   'C:\\Users\\CoultonFraser\\coultonf\\node_modules\\@esbuild\\android-arm'
98 silly reify ]
99 timing reifyNode:node_modules/fsevents Completed in 7ms
100 timing reifyNode:node_modules/@esbuild/win32-ia32 Completed in 7ms
101 timing reifyNode:node_modules/@esbuild/win32-arm64 Completed in 7ms
102 timing reifyNode:node_modules/@esbuild/sunos-x64 Completed in 6ms
103 timing reifyNode:node_modules/@esbuild/openbsd-x64 Completed in 7ms
104 timing reifyNode:node_modules/@esbuild/netbsd-x64 Completed in 7ms
105 timing reifyNode:node_modules/@esbuild/linux-x64 Completed in 7ms
106 timing reifyNode:node_modules/@esbuild/linux-s390x Completed in 7ms
107 timing reifyNode:node_modules/@esbuild/linux-riscv64 Completed in 7ms
108 timing reifyNode:node_modules/@esbuild/linux-ppc64 Completed in 7ms
109 timing reifyNode:node_modules/@esbuild/linux-mips64el Completed in 7ms
110 timing reifyNode:node_modules/@esbuild/linux-loong64 Completed in 7ms
111 timing reifyNode:node_modules/@esbuild/linux-ia32 Completed in 7ms
112 timing reifyNode:node_modules/@esbuild/linux-arm64 Completed in 6ms
113 timing reifyNode:node_modules/@esbuild/linux-arm Completed in 6ms
114 timing reifyNode:node_modules/@esbuild/freebsd-x64 Completed in 8ms
115 timing reifyNode:node_modules/@esbuild/freebsd-arm64 Completed in 8ms
116 timing reifyNode:node_modules/@esbuild/darwin-x64 Completed in 8ms
117 timing reifyNode:node_modules/@esbuild/darwin-arm64 Completed in 8ms
118 timing reifyNode:node_modules/@esbuild/android-x64 Completed in 8ms
119 timing reifyNode:node_modules/@esbuild/android-arm64 Completed in 8ms
120 timing reifyNode:node_modules/@esbuild/android-arm Completed in 8ms
121 silly tarball no local data for @heroicons/react@https://registry.npmjs.org/@heroicons/react/-/react-2.0.16.tgz. Extracting by manifest.
122 http fetch POST 200 https://registry.npmjs.org/-/npm/v1/security/advisories/bulk 76ms
123 timing auditReport:getReport Completed in 82ms
124 silly audit report {}
125 timing auditReport:init Completed in 0ms
126 timing reify:audit Completed in 82ms
127 http fetch GET 200 https://registry.npmjs.org/@heroicons/react/-/react-2.0.16.tgz 3859ms (cache miss)
128 timing reifyNode:node_modules/@heroicons/react Completed in 3875ms
129 timing reify:unpack Completed in 3875ms
130 timing reify:unretire Completed in 0ms
131 timing build:queue Completed in 1ms
132 timing build:deps Completed in 1ms
133 timing build Completed in 2ms
134 timing reify:build Completed in 2ms
135 timing reify:trash Completed in 2ms
136 timing reify:save Completed in 64ms
137 timing reify Completed in 4790ms
138 silly ADD node_modules/@heroicons/react
139 silly ADD
140 silly ADD
141 silly ADD
142 silly ADD
143 silly ADD
144 silly ADD
145 silly ADD
146 silly ADD
147 silly ADD
148 silly ADD
149 silly ADD
150 silly ADD
151 silly ADD
152 silly ADD
153 silly ADD
154 silly ADD
155 silly ADD
156 silly ADD
157 silly ADD
158 silly ADD
159 silly ADD
160 silly ADD
161 timing command:install Completed in 4803ms
162 verbose exit 0
163 timing npm Completed in 4838ms
164 info ok
